Daily update: Wed Feb 25 02:23:36 UTC 2026
Daily update: Wed Feb 25 06:37:37 UTC 2026
Daily update: Thu Feb 26 06:32:46 UTC 2026
Daily update: Fri Feb 27 06:09:49 UTC 2026
Daily update: Sat Feb 28 05:53:47 UTC 2026
Daily update: Sun Mar  1 06:06:49 UTC 2026
Daily update: Mon Mar  2 06:10:05 UTC 2026
Daily update: Tue Mar  3 06:07:20 UTC 2026
Daily update: Wed Mar  4 06:03:35 UTC 2026
Daily update: Thu Mar  5 06:06:20 UTC 2026
Daily update: Fri Mar  6 06:03:29 UTC 2026
Daily update: Sat Mar  7 05:56:47 UTC 2026
Daily update: Sun Mar  8 06:01:26 UTC 2026
Daily update: Mon Mar  9 06:14:48 UTC 2026
Daily update: Tue Mar 10 06:04:09 UTC 2026
Daily update: Wed Mar 11 06:06:48 UTC 2026
Daily update: Thu Mar 12 06:09:02 UTC 2026
Daily update: Fri Mar 13 06:07:16 UTC 2026
Daily update: Sat Mar 14 06:04:12 UTC 2026
Daily update: Sun Mar 15 06:15:07 UTC 2026
Daily update: Mon Mar 16 06:50:40 UTC 2026
Daily update: Tue Mar 17 06:37:02 UTC 2026
Daily update: Wed Mar 18 06:37:57 UTC 2026
Daily update: Thu Mar 19 06:33:20 UTC 2026
Daily update: Fri Mar 20 06:10:07 UTC 2026
Daily update: Sat Mar 21 05:59:34 UTC 2026
Daily update: Sun Mar 22 06:09:57 UTC 2026
Daily update: Mon Mar 23 06:45:20 UTC 2026
Daily update: Tue Mar 24 06:36:33 UTC 2026
Daily update: Wed Mar 25 06:37:22 UTC 2026
Daily update: Thu Mar 26 06:41:47 UTC 2026
Daily update: Fri Mar 27 06:43:03 UTC 2026
Daily update: Sat Mar 28 06:31:54 UTC 2026
Daily update: Sun Mar 29 06:39:02 UTC 2026
Daily update: Mon Mar 30 07:04:15 UTC 2026
Daily update: Tue Mar 31 06:46:59 UTC 2026
Daily update: Wed Apr  1 06:57:33 UTC 2026
Daily update: Thu Apr  2 06:45:38 UTC 2026
Daily update: Fri Apr  3 06:43:13 UTC 2026
Daily update: Sat Apr  4 06:34:37 UTC 2026
Daily update: Sun Apr  5 06:40:15 UTC 2026
Daily update: Mon Apr  6 07:07:13 UTC 2026
Daily update: Tue Apr  7 06:50:01 UTC 2026
Daily update: Wed Apr  8 06:53:00 UTC 2026
Daily update: Thu Apr  9 06:53:17 UTC 2026
Daily update: Fri Apr 10 07:05:23 UTC 2026
Daily update: Sat Apr 11 06:36:08 UTC 2026
Daily update: Sun Apr 12 06:51:33 UTC 2026
Daily update: Mon Apr 13 07:24:29 UTC 2026
Daily update: Tue Apr 14 07:05:32 UTC 2026
Daily update: Wed Apr 15 07:06:57 UTC 2026
Daily update: Thu Apr 16 07:08:20 UTC 2026
Daily update: Fri Apr 17 07:08:12 UTC 2026
Daily update: Sat Apr 18 06:42:59 UTC 2026
Daily update: Sun Apr 19 06:55:58 UTC 2026
Daily update: Mon Apr 20 07:26:00 UTC 2026
Daily update: Tue Apr 21 07:09:48 UTC 2026
Daily update: Wed Apr 22 07:09:54 UTC 2026
Daily update: Thu Apr 23 07:12:15 UTC 2026
Daily update: Fri Apr 24 07:15:17 UTC 2026
Daily update: Sat Apr 25 06:48:54 UTC 2026
Daily update: Sun Apr 26 07:08:39 UTC 2026
Daily update: Mon Apr 27 07:43:23 UTC 2026
Daily update: Tue Apr 28 07:42:56 UTC 2026
Daily update: Wed Apr 29 07:37:02 UTC 2026
Daily update: Thu Apr 30 07:40:29 UTC 2026
Daily update: Fri May  1 07:39:58 UTC 2026
Daily update: Sat May  2 07:10:55 UTC 2026
Daily update: Sun May  3 07:28:31 UTC 2026
Daily update: Mon May  4 08:04:04 UTC 2026
Daily update: Tue May  5 07:29:07 UTC 2026
Daily update: Wed May  6 07:53:18 UTC 2026
Daily update: Thu May  7 08:01:39 UTC 2026
Daily update: Fri May  8 07:02:12 UTC 2026
Daily update: Sat May  9 07:22:36 UTC 2026
Daily update: Sun May 10 07:37:49 UTC 2026
Daily update: Mon May 11 08:39:37 UTC 2026
Daily update: Tue May 12 08:06:50 UTC 2026
Daily update: Wed May 13 08:14:02 UTC 2026
Daily update: Thu May 14 08:05:51 UTC 2026
Daily update: Fri May 15 08:19:57 UTC 2026
Daily update: Sat May 16 07:29:11 UTC 2026
Daily update: Sun May 17 07:53:57 UTC 2026
Daily update: Mon May 18 08:55:05 UTC 2026
Daily update: Tue May 19 08:41:24 UTC 2026
Daily update: Wed May 20 08:38:38 UTC 2026
Daily update: Thu May 21 08:44:46 UTC 2026
Daily update: Fri May 22 08:35:02 UTC 2026
Daily update: Sat May 23 07:52:28 UTC 2026
Daily update: Sun May 24 08:02:04 UTC 2026
Daily update: Tue May 26 08:47:05 UTC 2026
Daily update: Wed May 27 08:50:36 UTC 2026
Daily update: Thu May 28 08:56:48 UTC 2026
Daily update: Fri May 29 08:54:00 UTC 2026
Daily update: Sat May 30 08:00:25 UTC 2026
Daily update: Sun May 31 08:24:05 UTC 2026
Daily update: Mon Jun  1 10:35:09 UTC 2026
Daily update: Tue Jun  2 09:45:28 UTC 2026
Daily update: Wed Jun  3 10:16:34 UTC 2026
Daily update: Thu Jun  4 09:08:07 UTC 2026
Daily update: Fri Jun  5 08:54:15 UTC 2026
Daily update: Sat Jun  6 08:04:26 UTC 2026
Daily update: Sun Jun  7 08:32:39 UTC 2026
Daily update: Mon Jun  8 09:59:04 UTC 2026
Daily update: Tue Jun  9 08:44:07 UTC 2026
Daily update: Wed Jun 10 09:02:43 UTC 2026
Daily update: Thu Jun 11 09:48:18 UTC 2026
Daily update: Fri Jun 12 09:39:52 UTC 2026
Daily update: Sat Jun 13 08:34:54 UTC 2026
Daily update: Sun Jun 14 08:52:26 UTC 2026
Daily update: Mon Jun 15 11:26:40 UTC 2026
Daily update: Tue Jun 16 10:22:42 UTC 2026
Daily update: Wed Jun 17 10:11:45 UTC 2026
Daily update: Thu Jun 18 09:50:17 UTC 2026
Daily update: Fri Jun 19 09:56:32 UTC 2026
Daily update: Sat Jun 20 08:30:21 UTC 2026
Daily update: Sun Jun 21 09:05:31 UTC 2026
Daily update: Mon Jun 22 11:10:40 UTC 2026
Daily update: Tue Jun 23 08:40:52 UTC 2026
Daily update: Wed Jun 24 08:37:49 UTC 2026
Daily update: Thu Jun 25 08:33:16 UTC 2026
Daily update: Fri Jun 26 08:37:31 UTC 2026
Daily update: Sat Jun 27 08:08:00 UTC 2026
